<?xml version="1.0" encoding="UTF-8"?>
<!-- Generated by org.testng.reporters.JUnitReportReporter -->
<testsuite hostname="Sirilexa" failures="0" tests="1" name="com.qsp.apllo.hms.smoke.HmsHomePageSmoke" time="3.912" errors="0" timestamp="2022-11-20T17:13:43 IST" skipped="0">
  <testcase classname="com.qsp.apllo.hms.smoke.HmsHomePageSmoke" name="printHeader" time="3.912"/>
  <system-out/>
</testsuite> <!-- com.qsp.apllo.hms.smoke.HmsHomePageSmoke -->
