<?xml version="1.0" encoding="UTF-8"?>
<!-- Generated by org.testng.reporters.JUnitReportReporter -->
<testsuite hostname="Sirilexa" failures="0" tests="1" name="com.qsp.apllo.hms.smoke.HmsLoginPageTestCase" time="3.999" errors="0" timestamp="2022-11-20T19:08:28 IST" skipped="0">
  <testcase classname="com.qsp.apllo.hms.smoke.HmsLoginPageTestCase" name="tcLoginPage002" time="3.999"/>
  <system-out/>
</testsuite> <!-- com.qsp.apllo.hms.smoke.HmsLoginPageTestCase -->
